<?xml version="1.0" encoding="UTF-8"?>
<!-- Generated by org.testng.reporters.JUnitXMLReporter -->
<testsuite hostname="Q15879" name="Test" tests="4" failures="3" timestamp="23 Jun 2016 04:03:48 GMT" time="34.302" errors="0">
  <testcase name="Suppliercre" time="22.443" classname="com.stockAccounting.tests.testngSuppliercre"/>
  <testcase name="Stockcatcre" time="5.137" classname="com.stockAccounting.tests.testngStockcatcre">
    <failure type="java.lang.IllegalArgumentException" message="Cannot find elements when the XPath expression is null.">
      <![CDATA[java.lang.IllegalArgumentException: Cannot find elements when the XPath expression is null.
	at org.openqa.selenium.By.xpath(By.java:113)
	at com.stockAccounting.tests.testngStockcatcre.Stockcatcre(testngStockcatcre.java:27)
... Removed 24 stack frames]]>
    </failure>
  </testcase> <!-- Stockcatcre -->
  <testcase name="Uomcre" time="0.001" classname="com.stockAccounting.tests.tetstngUomcre">
    <failure type="java.lang.IllegalArgumentException" message="Cannot find elements when the XPath expression is null.">
      <![CDATA[java.lang.IllegalArgumentException: Cannot find elements when the XPath expression is null.
	at org.openqa.selenium.By.xpath(By.java:113)
	at com.stockAccounting.tests.tetstngUomcre.Uomcre(tetstngUomcre.java:19)
... Removed 24 stack frames]]>
    </failure>
  </testcase> <!-- Uomcre -->
  <testcase name="stockcre" time="0.002" classname="com.stockAccounting.tests.testngStockitcre">
    <failure type="java.lang.IllegalArgumentException" message="Cannot find elements when the XPath expression is null.">
      <![CDATA[java.lang.IllegalArgumentException: Cannot find elements when the XPath expression is null.
	at org.openqa.selenium.By.xpath(By.java:113)
	at com.stockAccounting.tests.testngStockitcre.stockcre(testngStockitcre.java:21)
... Removed 24 stack frames]]>
    </failure>
  </testcase> <!-- stockcre -->
</testsuite> <!-- Test -->
